<?xml version="1.0" encoding="UTF-8"?>
<!-- Generated by org.testng.reporters.JUnitXMLReporter -->
<testsuite ignored="0" hostname="LAPTOP-70AVBS8U" failures="0" tests="4" name="Default test" time="15.3" errors="0" timestamp="2026-04-26T22:25:54 IST">
  <testcase classname="com.banking.api.tests.DataDrivenBookingTest" name="verifyCreateBookingDataDriven" time="8.326"/>
  <testcase classname="com.banking.api.tests.DataDrivenBookingTest" name="verifyCreateBookingDataDriven" time="2.352"/>
  <testcase classname="com.banking.api.tests.DataDrivenBookingTest" name="verifyCreateBookingDataDriven" time="2.534"/>
  <testcase classname="com.banking.api.tests.DataDrivenBookingTest" name="verifyCreateBookingDataDriven" time="0.002"/>
</testsuite> <!-- Default test -->
