<?xml version="1.0" encoding="UTF-8"?>
<!-- Generated by org.testng.reporters.JUnitXMLReporter -->
<testsuite ignored="0" hostname="LAPTOP-70AVBS8U" failures="0" tests="2" name="Default test" time="14.53" errors="0" timestamp="2026-04-26T12:24:39 IST">
  <testcase classname="com.banking.api.tests.DeleteBookingTest" name="verifyDeleteBooking" time="11.931"/>
  <testcase classname="com.banking.api.tests.DeleteBookingTest" name="verifyDeleteWithoutAuth" time="1.787"/>
</testsuite> <!-- Default test -->
