<?xml version="1.0" encoding="UTF-8"?>
<testng-results ignored="0" total="20" passed="20" failed="0" skipped="0">
  <reporter-output>
  </reporter-output>
  <suite started-at="2026-04-19T14:26:29 IST" name="ParaBank Enterprise Suite" finished-at="2026-04-19T14:28:00 IST" duration-ms="90602">
    <groups>
    </groups>
    <test started-at="2026-04-19T14:26:29 IST" name="Authentication Tests" finished-at="2026-04-19T14:28:00 IST" duration-ms="90602">
      <class name="com.banking.tests.LoginTest">
        <test-method is-config="true" signature="setUp()[pri:0, instance:com.banking.tests.LoginTest@446a1e84]" started-at="2026-04-19T14:26:31 IST" name="setUp" finished-at="2026-04-19T14:26:40 IST" duration-ms="9839" status="PASS">
          <reporter-output>
          </reporter-output>
        </test-method> <!-- setUp -->
        <test-method is-config="true" signature="setUp()[pri:0, instance:com.banking.tests.LoginTest@446a1e84]" started-at="2026-04-19T14:26:31 IST" name="setUp" finished-at="2026-04-19T14:26:41 IST" duration-ms="10060" status="PASS">
          <reporter-output>
          </reporter-output>
        </test-method> <!-- setUp -->
        <test-method is-config="true" signature="setUp()[pri:0, instance:com.banking.tests.LoginTest@446a1e84]" started-at="2026-04-19T14:26:31 IST" name="setUp" finished-at="2026-04-19T14:26:40 IST" duration-ms="9824" status="PASS">
          <reporter-output>
          </reporter-output>
        </test-method> <!-- setUp -->
        <test-method signature="verifyMultipleLogin(java.lang.String,java.lang.String,java.lang.String)[pri:0, instance:com.banking.tests.LoginTest@446a1e84]" started-at="2026-04-19T14:26:40 IST" name="verifyMultipleLogin" data-provider="loginCredentials" finished-at="2026-04-19T14:26:48 IST" duration-ms="7649" status="PASS">
          <params>
            <param index="0">
              <value>
                <![CDATA[admin]]>
              </value>
            </param>
            <param index="1">
              <value>
                <![CDATA[admin123]]>
              </value>
            </param>
            <param index="2">
              <value>
                <![CDATA[FALSE]]>
              </value>
            </param>
          </params>
          <reporter-output>
          </reporter-output>
        </test-method> <!-- verifyMultipleLogin -->
        <test-method signature="verifyMultipleLogin(java.lang.String,java.lang.String,java.lang.String)[pri:0, instance:com.banking.tests.LoginTest@446a1e84]" started-at="2026-04-19T14:26:40 IST" name="verifyMultipleLogin" data-provider="loginCredentials" finished-at="2026-04-19T14:26:43 IST" duration-ms="2504" status="PASS">
          <params>
            <param index="0">
              <value>
                <![CDATA[john]]>
              </value>
            </param>
            <param index="1">
              <value>
                <![CDATA[demo]]>
              </value>
            </param>
            <param index="2">
              <value>
                <![CDATA[TRUE]]>
              </value>
            </param>
          </params>
          <reporter-output>
          </reporter-output>
        </test-method> <!-- verifyMultipleLogin -->
        <test-method signature="verifyMultipleLogin(java.lang.String,java.lang.String,java.lang.String)[pri:0, instance:com.banking.tests.LoginTest@446a1e84]" started-at="2026-04-19T14:26:41 IST" name="verifyMultipleLogin" data-provider="loginCredentials" finished-at="2026-04-19T14:26:48 IST" duration-ms="7662" status="PASS">
          <params>
            <param index="0">
              <value>
                <![CDATA[alice]]>
              </value>
            </param>
            <param index="1">
              <value>
                <![CDATA[password]]>
              </value>
            </param>
            <param index="2">
              <value>
                <![CDATA[FALSE]]>
              </value>
            </param>
          </params>
          <reporter-output>
          </reporter-output>
        </test-method> <!-- verifyMultipleLogin -->
        <test-method is-config="true" signature="tearDown()[pri:0, instance:com.banking.tests.LoginTest@446a1e84]" started-at="2026-04-19T14:26:43 IST" name="tearDown" finished-at="2026-04-19T14:26:43 IST" duration-ms="427" status="PASS">
          <reporter-output>
          </reporter-output>
        </test-method> <!-- tearDown -->
        <test-method is-config="true" signature="setUp()[pri:0, instance:com.banking.tests.LoginTest@446a1e84]" started-at="2026-04-19T14:26:43 IST" name="setUp" finished-at="2026-04-19T14:26:47 IST" duration-ms="3858" status="PASS">
          <reporter-output>
          </reporter-output>
        </test-method> <!-- setUp -->
        <test-method signature="verifyMultipleLogin(java.lang.String,java.lang.String,java.lang.String)[pri:0, instance:com.banking.tests.LoginTest@446a1e84]" started-at="2026-04-19T14:26:47 IST" name="verifyMultipleLogin" data-provider="loginCredentials" finished-at="2026-04-19T14:26:54 IST" duration-ms="6926" status="PASS">
          <params>
            <param index="0">
              <value>
                <![CDATA[rohit]]>
              </value>
            </param>
            <param index="1">
              <value>
                <![CDATA[qa_test_pass]]>
              </value>
            </param>
            <param index="2">
              <value>
                <![CDATA[FALSE]]>
              </value>
            </param>
          </params>
          <reporter-output>
          </reporter-output>
        </test-method> <!-- verifyMultipleLogin -->
        <test-method is-config="true" signature="tearDown()[pri:0, instance:com.banking.tests.LoginTest@446a1e84]" started-at="2026-04-19T14:26:48 IST" name="tearDown" finished-at="2026-04-19T14:26:49 IST" duration-ms="457" status="PASS">
          <reporter-output>
          </reporter-output>
        </test-method> <!-- tearDown -->
        <test-method is-config="true" signature="tearDown()[pri:0, instance:com.banking.tests.LoginTest@446a1e84]" started-at="2026-04-19T14:26:48 IST" name="tearDown" finished-at="2026-04-19T14:26:49 IST" duration-ms="523" status="PASS">
          <reporter-output>
          </reporter-output>
        </test-method> <!-- tearDown -->
        <test-method is-config="true" signature="setUp()[pri:0, instance:com.banking.tests.LoginTest@446a1e84]" started-at="2026-04-19T14:26:49 IST" name="setUp" finished-at="2026-04-19T14:26:53 IST" duration-ms="4116" status="PASS">
          <reporter-output>
          </reporter-output>
        </test-method> <!-- setUp -->
        <test-method is-config="true" signature="setUp()[pri:0, instance:com.banking.tests.LoginTest@446a1e84]" started-at="2026-04-19T14:26:49 IST" name="setUp" finished-at="2026-04-19T14:26:53 IST" duration-ms="4308" status="PASS">
          <reporter-output>
          </reporter-output>
        </test-method> <!-- setUp -->
        <test-method signature="verifyMultipleLogin(java.lang.String,java.lang.String,java.lang.String)[pri:0, instance:com.banking.tests.LoginTest@446a1e84]" started-at="2026-04-19T14:26:53 IST" name="verifyMultipleLogin" data-provider="loginCredentials" finished-at="2026-04-19T14:27:00 IST" duration-ms="7287" status="PASS">
          <params>
            <param index="0">
              <value>
                <![CDATA[invalid_user_99]]>
              </value>
            </param>
            <param index="1">
              <value>
                <![CDATA[wrong_pass]]>
              </value>
            </param>
            <param index="2">
              <value>
                <![CDATA[FALSE]]>
              </value>
            </param>
          </params>
          <reporter-output>
          </reporter-output>
        </test-method> <!-- verifyMultipleLogin -->
        <test-method signature="verifyMultipleLogin(java.lang.String,java.lang.String,java.lang.String)[pri:0, instance:com.banking.tests.LoginTest@446a1e84]" started-at="2026-04-19T14:26:53 IST" name="verifyMultipleLogin" data-provider="loginCredentials" finished-at="2026-04-19T14:27:00 IST" duration-ms="7055" status="PASS">
          <params>
            <param index="0">
              <value>
                <![CDATA[tcs_ghost_001]]>
              </value>
            </param>
            <param index="1">
              <value>
                <![CDATA[fakePass!]]>
              </value>
            </param>
            <param index="2">
              <value>
                <![CDATA[FALSE]]>
              </value>
            </param>
          </params>
          <reporter-output>
          </reporter-output>
        </test-method> <!-- verifyMultipleLogin -->
        <test-method is-config="true" signature="tearDown()[pri:0, instance:com.banking.tests.LoginTest@446a1e84]" started-at="2026-04-19T14:26:54 IST" name="tearDown" finished-at="2026-04-19T14:26:55 IST" duration-ms="530" status="PASS">
          <reporter-output>
          </reporter-output>
        </test-method> <!-- tearDown -->
        <test-method is-config="true" signature="setUp()[pri:0, instance:com.banking.tests.LoginTest@446a1e84]" started-at="2026-04-19T14:26:55 IST" name="setUp" finished-at="2026-04-19T14:26:59 IST" duration-ms="4323" status="PASS">
          <reporter-output>
          </reporter-output>
        </test-method> <!-- setUp -->
        <test-method signature="verifyMultipleLogin(java.lang.String,java.lang.String,java.lang.String)[pri:0, instance:com.banking.tests.LoginTest@446a1e84]" started-at="2026-04-19T14:26:59 IST" name="verifyMultipleLogin" data-provider="loginCredentials" finished-at="2026-04-19T14:27:06 IST" duration-ms="6985" status="PASS">
          <params>
            <param index="0">
              <value>
                <![CDATA[JOHN]]>
              </value>
            </param>
            <param index="1">
              <value>
                <![CDATA[demo]]>
              </value>
            </param>
            <param index="2">
              <value>
                <![CDATA[FALSE]]>
              </value>
            </param>
          </params>
          <reporter-output>
          </reporter-output>
        </test-method> <!-- verifyMultipleLogin -->
        <test-method is-config="true" signature="tearDown()[pri:0, instance:com.banking.tests.LoginTest@446a1e84]" started-at="2026-04-19T14:27:00 IST" name="tearDown" finished-at="2026-04-19T14:27:00 IST" duration-ms="443" status="PASS">
          <reporter-output>
          </reporter-output>
        </test-method> <!-- tearDown -->
        <test-method is-config="true" signature="tearDown()[pri:0, instance:com.banking.tests.LoginTest@446a1e84]" started-at="2026-04-19T14:27:00 IST" name="tearDown" finished-at="2026-04-19T14:27:01 IST" duration-ms="389" status="PASS">
          <reporter-output>
          </reporter-output>
        </test-method> <!-- tearDown -->
        <test-method is-config="true" signature="setUp()[pri:0, instance:com.banking.tests.LoginTest@446a1e84]" started-at="2026-04-19T14:27:00 IST" name="setUp" finished-at="2026-04-19T14:27:05 IST" duration-ms="4926" status="PASS">
          <reporter-output>
          </reporter-output>
        </test-method> <!-- setUp -->
        <test-method is-config="true" signature="setUp()[pri:0, instance:com.banking.tests.LoginTest@446a1e84]" started-at="2026-04-19T14:27:01 IST" name="setUp" finished-at="2026-04-19T14:27:04 IST" duration-ms="3482" status="PASS">
          <reporter-output>
          </reporter-output>
        </test-method> <!-- setUp -->
        <test-method signature="verifyMultipleLogin(java.lang.String,java.lang.String,java.lang.String)[pri:0, instance:com.banking.tests.LoginTest@446a1e84]" started-at="2026-04-19T14:27:04 IST" name="verifyMultipleLogin" data-provider="loginCredentials" finished-at="2026-04-19T14:27:11 IST" duration-ms="7158" status="PASS">
          <params>
            <param index="0">
              <value>
                <![CDATA[!@#$%^&*()]]>
              </value>
            </param>
            <param index="1">
              <value>
                <![CDATA[special_pass]]>
              </value>
            </param>
            <param index="2">
              <value>
                <![CDATA[FALSE]]>
              </value>
            </param>
          </params>
          <reporter-output>
          </reporter-output>
        </test-method> <!-- verifyMultipleLogin -->
        <test-method signature="verifyMultipleLogin(java.lang.String,java.lang.String,java.lang.String)[pri:0, instance:com.banking.tests.LoginTest@446a1e84]" started-at="2026-04-19T14:27:05 IST" name="verifyMultipleLogin" data-provider="loginCredentials" finished-at="2026-04-19T14:27:13 IST" duration-ms="7232" status="PASS">
          <params>
            <param index="0">
              <value>
                <![CDATA[john]]>
              </value>
            </param>
            <param index="1">
              <value>
                <![CDATA[DEMO]]>
              </value>
            </param>
            <param index="2">
              <value>
                <![CDATA[FALSE]]>
              </value>
            </param>
          </params>
          <reporter-output>
          </reporter-output>
        </test-method> <!-- verifyMultipleLogin -->
        <test-method is-config="true" signature="tearDown()[pri:0, instance:com.banking.tests.LoginTest@446a1e84]" started-at="2026-04-19T14:27:06 IST" name="tearDown" finished-at="2026-04-19T14:27:07 IST" duration-ms="630" status="PASS">
          <reporter-output>
          </reporter-output>
        </test-method> <!-- tearDown -->
        <test-method is-config="true" signature="setUp()[pri:0, instance:com.banking.tests.LoginTest@446a1e84]" started-at="2026-04-19T14:27:07 IST" name="setUp" finished-at="2026-04-19T14:27:11 IST" duration-ms="4127" status="PASS">
          <reporter-output>
          </reporter-output>
        </test-method> <!-- setUp -->
        <test-method signature="verifyMultipleLogin(java.lang.String,java.lang.String,java.lang.String)[pri:0, instance:com.banking.tests.LoginTest@446a1e84]" started-at="2026-04-19T14:27:11 IST" name="verifyMultipleLogin" data-provider="loginCredentials" finished-at="2026-04-19T14:27:18 IST" duration-ms="6722" status="PASS">
          <params>
            <param index="0">
              <value>
                <![CDATA[user_name_with_spaces]]>
              </value>
            </param>
            <param index="1">
              <value>
                <![CDATA[pass word]]>
              </value>
            </param>
            <param index="2">
              <value>
                <![CDATA[FALSE]]>
              </value>
            </param>
          </params>
          <reporter-output>
          </reporter-output>
        </test-method> <!-- verifyMultipleLogin -->
        <test-method is-config="true" signature="tearDown()[pri:0, instance:com.banking.tests.LoginTest@446a1e84]" started-at="2026-04-19T14:27:11 IST" name="tearDown" finished-at="2026-04-19T14:27:12 IST" duration-ms="576" status="PASS">
          <reporter-output>
          </reporter-output>
        </test-method> <!-- tearDown -->
        <test-method is-config="true" signature="setUp()[pri:0, instance:com.banking.tests.LoginTest@446a1e84]" started-at="2026-04-19T14:27:12 IST" name="setUp" finished-at="2026-04-19T14:27:26 IST" duration-ms="14209" status="PASS">
          <reporter-output>
          </reporter-output>
        </test-method> <!-- setUp -->
        <test-method is-config="true" signature="tearDown()[pri:0, instance:com.banking.tests.LoginTest@446a1e84]" started-at="2026-04-19T14:27:13 IST" name="tearDown" finished-at="2026-04-19T14:27:13 IST" duration-ms="526" status="PASS">
          <reporter-output>
          </reporter-output>
        </test-method> <!-- tearDown -->
        <test-method is-config="true" signature="setUp()[pri:0, instance:com.banking.tests.LoginTest@446a1e84]" started-at="2026-04-19T14:27:13 IST" name="setUp" finished-at="2026-04-19T14:27:25 IST" duration-ms="12315" status="PASS">
          <reporter-output>
          </reporter-output>
        </test-method> <!-- setUp -->
        <test-method is-config="true" signature="tearDown()[pri:0, instance:com.banking.tests.LoginTest@446a1e84]" started-at="2026-04-19T14:27:18 IST" name="tearDown" finished-at="2026-04-19T14:27:19 IST" duration-ms="1069" status="PASS">
          <reporter-output>
          </reporter-output>
        </test-method> <!-- tearDown -->
        <test-method is-config="true" signature="setUp()[pri:0, instance:com.banking.tests.LoginTest@446a1e84]" started-at="2026-04-19T14:27:19 IST" name="setUp" finished-at="2026-04-19T14:27:25 IST" duration-ms="6740" status="PASS">
          <reporter-output>
          </reporter-output>
        </test-method> <!-- setUp -->
        <test-method signature="verifyMultipleLogin(java.lang.String,java.lang.String,java.lang.String)[pri:0, instance:com.banking.tests.LoginTest@446a1e84]" started-at="2026-04-19T14:27:25 IST" name="verifyMultipleLogin" data-provider="loginCredentials" finished-at="2026-04-19T14:27:32 IST" duration-ms="6788" status="PASS">
          <params>
            <param index="0">
              <value>
                <![CDATA[OR '1'='1]]>
              </value>
            </param>
            <param index="1">
              <value>
                <![CDATA[anything]]>
              </value>
            </param>
            <param index="2">
              <value>
                <![CDATA[FALSE]]>
              </value>
            </param>
          </params>
          <reporter-output>
          </reporter-output>
        </test-method> <!-- verifyMultipleLogin -->
        <test-method signature="verifyMultipleLogin(java.lang.String,java.lang.String,java.lang.String)[pri:0, instance:com.banking.tests.LoginTest@446a1e84]" started-at="2026-04-19T14:27:25 IST" name="verifyMultipleLogin" data-provider="loginCredentials" finished-at="2026-04-19T14:27:33 IST" duration-ms="7227" status="PASS">
          <params>
            <param index="0">
              <value>
                <![CDATA[short]]>
              </value>
            </param>
            <param index="1">
              <value>
                <![CDATA[very_long...]]>
              </value>
            </param>
            <param index="2">
              <value>
                <![CDATA[FALSE]]>
              </value>
            </param>
          </params>
          <reporter-output>
          </reporter-output>
        </test-method> <!-- verifyMultipleLogin -->
        <test-method signature="verifyMultipleLogin(java.lang.String,java.lang.String,java.lang.String)[pri:0, instance:com.banking.tests.LoginTest@446a1e84]" started-at="2026-04-19T14:27:26 IST" name="verifyMultipleLogin" data-provider="loginCredentials" finished-at="2026-04-19T14:27:34 IST" duration-ms="8000" status="PASS">
          <params>
            <param index="0">
              <value>
                <![CDATA[very_long_username...]]>
              </value>
            </param>
            <param index="1">
              <value>
                <![CDATA[short]]>
              </value>
            </param>
            <param index="2">
              <value>
                <![CDATA[FALSE]]>
              </value>
            </param>
          </params>
          <reporter-output>
          </reporter-output>
        </test-method> <!-- verifyMultipleLogin -->
        <test-method is-config="true" signature="tearDown()[pri:0, instance:com.banking.tests.LoginTest@446a1e84]" started-at="2026-04-19T14:27:32 IST" name="tearDown" finished-at="2026-04-19T14:27:33 IST" duration-ms="650" status="PASS">
          <reporter-output>
          </reporter-output>
        </test-method> <!-- tearDown -->
        <test-method is-config="true" signature="tearDown()[pri:0, instance:com.banking.tests.LoginTest@446a1e84]" started-at="2026-04-19T14:27:33 IST" name="tearDown" finished-at="2026-04-19T14:27:33 IST" duration-ms="577" status="PASS">
          <reporter-output>
          </reporter-output>
        </test-method> <!-- tearDown -->
        <test-method is-config="true" signature="setUp()[pri:0, instance:com.banking.tests.LoginTest@446a1e84]" started-at="2026-04-19T14:27:33 IST" name="setUp" finished-at="2026-04-19T14:27:37 IST" duration-ms="3948" status="PASS">
          <reporter-output>
          </reporter-output>
        </test-method> <!-- setUp -->
        <test-method is-config="true" signature="setUp()[pri:0, instance:com.banking.tests.LoginTest@446a1e84]" started-at="2026-04-19T14:27:33 IST" name="setUp" finished-at="2026-04-19T14:27:37 IST" duration-ms="3770" status="PASS">
          <reporter-output>
          </reporter-output>
        </test-method> <!-- setUp -->
        <test-method is-config="true" signature="tearDown()[pri:0, instance:com.banking.tests.LoginTest@446a1e84]" started-at="2026-04-19T14:27:34 IST" name="tearDown" finished-at="2026-04-19T14:27:36 IST" duration-ms="2016" status="PASS">
          <reporter-output>
          </reporter-output>
        </test-method> <!-- tearDown -->
        <test-method is-config="true" signature="setUp()[pri:0, instance:com.banking.tests.LoginTest@446a1e84]" started-at="2026-04-19T14:27:36 IST" name="setUp" finished-at="2026-04-19T14:27:40 IST" duration-ms="3601" status="PASS">
          <reporter-output>
          </reporter-output>
        </test-method> <!-- setUp -->
        <test-method signature="verifyMultipleLogin(java.lang.String,java.lang.String,java.lang.String)[pri:0, instance:com.banking.tests.LoginTest@446a1e84]" started-at="2026-04-19T14:27:37 IST" name="verifyMultipleLogin" data-provider="loginCredentials" finished-at="2026-04-19T14:27:45 IST" duration-ms="7860" status="PASS">
          <params>
            <param index="0">
              <value>
                <![CDATA[admin' --]]>
              </value>
            </param>
            <param index="1">
              <value>
                <![CDATA[anything]]>
              </value>
            </param>
            <param index="2">
              <value>
                <![CDATA[FALSE]]>
              </value>
            </param>
          </params>
          <reporter-output>
          </reporter-output>
        </test-method> <!-- verifyMultipleLogin -->
        <test-method signature="verifyMultipleLogin(java.lang.String,java.lang.String,java.lang.String)[pri:0, instance:com.banking.tests.LoginTest@446a1e84]" started-at="2026-04-19T14:27:37 IST" name="verifyMultipleLogin" data-provider="loginCredentials" finished-at="2026-04-19T14:27:45 IST" duration-ms="8196" status="PASS">
          <params>
            <param index="0">
              <value>
                <![CDATA[script alert xss]]>
              </value>
            </param>
            <param index="1">
              <value>
                <![CDATA[pass]]>
              </value>
            </param>
            <param index="2">
              <value>
                <![CDATA[FALSE]]>
              </value>
            </param>
          </params>
          <reporter-output>
          </reporter-output>
        </test-method> <!-- verifyMultipleLogin -->
        <test-method signature="verifyMultipleLogin(java.lang.String,java.lang.String,java.lang.String)[pri:0, instance:com.banking.tests.LoginTest@446a1e84]" started-at="2026-04-19T14:27:40 IST" name="verifyMultipleLogin" data-provider="loginCredentials" finished-at="2026-04-19T14:27:47 IST" duration-ms="7447" status="PASS">
          <params>
            <param index="0">
              <value>
                <![CDATA[1234567890]]>
              </value>
            </param>
            <param index="1">
              <value>
                <![CDATA[987654321]]>
              </value>
            </param>
            <param index="2">
              <value>
                <![CDATA[FALSE]]>
              </value>
            </param>
          </params>
          <reporter-output>
          </reporter-output>
        </test-method> <!-- verifyMultipleLogin -->
        <test-method is-config="true" signature="tearDown()[pri:0, instance:com.banking.tests.LoginTest@446a1e84]" started-at="2026-04-19T14:27:45 IST" name="tearDown" finished-at="2026-04-19T14:27:45 IST" duration-ms="433" status="PASS">
          <reporter-output>
          </reporter-output>
        </test-method> <!-- tearDown -->
        <test-method is-config="true" signature="setUp()[pri:0, instance:com.banking.tests.LoginTest@446a1e84]" started-at="2026-04-19T14:27:45 IST" name="setUp" finished-at="2026-04-19T14:27:48 IST" duration-ms="3176" status="PASS">
          <reporter-output>
          </reporter-output>
        </test-method> <!-- setUp -->
        <test-method is-config="true" signature="tearDown()[pri:0, instance:com.banking.tests.LoginTest@446a1e84]" started-at="2026-04-19T14:27:45 IST" name="tearDown" finished-at="2026-04-19T14:27:46 IST" duration-ms="398" status="PASS">
          <reporter-output>
          </reporter-output>
        </test-method> <!-- tearDown -->
        <test-method is-config="true" signature="setUp()[pri:0, instance:com.banking.tests.LoginTest@446a1e84]" started-at="2026-04-19T14:27:46 IST" name="setUp" finished-at="2026-04-19T14:27:49 IST" duration-ms="3437" status="PASS">
          <reporter-output>
          </reporter-output>
        </test-method> <!-- setUp -->
        <test-method is-config="true" signature="tearDown()[pri:0, instance:com.banking.tests.LoginTest@446a1e84]" started-at="2026-04-19T14:27:47 IST" name="tearDown" finished-at="2026-04-19T14:27:48 IST" duration-ms="962" status="PASS">
          <reporter-output>
          </reporter-output>
        </test-method> <!-- tearDown -->
        <test-method is-config="true" signature="setUp()[pri:0, instance:com.banking.tests.LoginTest@446a1e84]" started-at="2026-04-19T14:27:48 IST" name="setUp" finished-at="2026-04-19T14:27:52 IST" duration-ms="3866" status="PASS">
          <reporter-output>
          </reporter-output>
        </test-method> <!-- setUp -->
        <test-method signature="verifyMultipleLogin(java.lang.String,java.lang.String,java.lang.String)[pri:0, instance:com.banking.tests.LoginTest@446a1e84]" started-at="2026-04-19T14:27:48 IST" name="verifyMultipleLogin" data-provider="loginCredentials" finished-at="2026-04-19T14:27:48 IST" duration-ms="1" status="PASS">
          <params>
            <param index="0">
              <value>
                <![CDATA[null]]>
              </value>
            </param>
            <param index="1">
              <value>
                <![CDATA[null]]>
              </value>
            </param>
            <param index="2">
              <value>
                <![CDATA[FALSE]]>
              </value>
            </param>
          </params>
          <reporter-output>
          </reporter-output>
        </test-method> <!-- verifyMultipleLogin -->
        <test-method is-config="true" signature="tearDown()[pri:0, instance:com.banking.tests.LoginTest@446a1e84]" started-at="2026-04-19T14:27:48 IST" name="tearDown" finished-at="2026-04-19T14:27:48 IST" duration-ms="246" status="PASS">
          <reporter-output>
          </reporter-output>
        </test-method> <!-- tearDown -->
        <test-method is-config="true" signature="setUp()[pri:0, instance:com.banking.tests.LoginTest@446a1e84]" started-at="2026-04-19T14:27:48 IST" name="setUp" finished-at="2026-04-19T14:27:52 IST" duration-ms="3599" status="PASS">
          <reporter-output>
          </reporter-output>
        </test-method> <!-- setUp -->
        <test-method signature="verifyMultipleLogin(java.lang.String,java.lang.String,java.lang.String)[pri:0, instance:com.banking.tests.LoginTest@446a1e84]" started-at="2026-04-19T14:27:49 IST" name="verifyMultipleLogin" data-provider="loginCredentials" finished-at="2026-04-19T14:27:57 IST" duration-ms="7823" status="PASS">
          <params>
            <param index="0">
              <value>
                <![CDATA[tcs_qa_01]]>
              </value>
            </param>
            <param index="1">
              <value>
                <![CDATA[pass_01]]>
              </value>
            </param>
            <param index="2">
              <value>
                <![CDATA[FALSE]]>
              </value>
            </param>
          </params>
          <reporter-output>
          </reporter-output>
        </test-method> <!-- verifyMultipleLogin -->
        <test-method signature="verifyMultipleLogin(java.lang.String,java.lang.String,java.lang.String)[pri:0, instance:com.banking.tests.LoginTest@446a1e84]" started-at="2026-04-19T14:27:52 IST" name="verifyMultipleLogin" data-provider="loginCredentials" finished-at="2026-04-19T14:28:00 IST" duration-ms="7580" status="PASS">
          <params>
            <param index="0">
              <value>
                <![CDATA[tcs_qa_02]]>
              </value>
            </param>
            <param index="1">
              <value>
                <![CDATA[pass_02]]>
              </value>
            </param>
            <param index="2">
              <value>
                <![CDATA[FALSE]]>
              </value>
            </param>
          </params>
          <reporter-output>
          </reporter-output>
        </test-method> <!-- verifyMultipleLogin -->
        <test-method signature="verifyMultipleLogin(java.lang.String,java.lang.String,java.lang.String)[pri:0, instance:com.banking.tests.LoginTest@446a1e84]" started-at="2026-04-19T14:27:52 IST" name="verifyMultipleLogin" data-provider="loginCredentials" finished-at="2026-04-19T14:28:00 IST" duration-ms="7564" status="PASS">
          <params>
            <param index="0">
              <value>
                <![CDATA[tcs_qa_03]]>
              </value>
            </param>
            <param index="1">
              <value>
                <![CDATA[pass_03]]>
              </value>
            </param>
            <param index="2">
              <value>
                <![CDATA[FALSE]]>
              </value>
            </param>
          </params>
          <reporter-output>
          </reporter-output>
        </test-method> <!-- verifyMultipleLogin -->
        <test-method is-config="true" signature="tearDown()[pri:0, instance:com.banking.tests.LoginTest@446a1e84]" started-at="2026-04-19T14:27:57 IST" name="tearDown" finished-at="2026-04-19T14:27:57 IST" duration-ms="438" status="PASS">
          <reporter-output>
          </reporter-output>
        </test-method> <!-- tearDown -->
        <test-method is-config="true" signature="tearDown()[pri:0, instance:com.banking.tests.LoginTest@446a1e84]" started-at="2026-04-19T14:28:00 IST" name="tearDown" finished-at="2026-04-19T14:28:00 IST" duration-ms="499" status="PASS">
          <reporter-output>
          </reporter-output>
        </test-method> <!-- tearDown -->
        <test-method is-config="true" signature="tearDown()[pri:0, instance:com.banking.tests.LoginTest@446a1e84]" started-at="2026-04-19T14:28:00 IST" name="tearDown" finished-at="2026-04-19T14:28:00 IST" duration-ms="476" status="PASS">
          <reporter-output>
          </reporter-output>
        </test-method> <!-- tearDown -->
      </class> <!-- com.banking.tests.LoginTest -->
    </test> <!-- Authentication Tests -->
  </suite> <!-- ParaBank Enterprise Suite -->
</testng-results>
