<?xml version="1.0" encoding="UTF-8"?>
<testng-results ignored="0" total="2" passed="2" failed="0" skipped="0">
  <reporter-output>
  </reporter-output>
  <suite started-at="2026-04-26T12:24:25 IST" name="Default suite" finished-at="2026-04-26T12:24:39 IST" duration-ms="14530">
    <groups>
    </groups>
    <test started-at="2026-04-26T12:24:25 IST" name="Default test" finished-at="2026-04-26T12:24:39 IST" duration-ms="14530">
      <class name="com.banking.api.tests.DeleteBookingTest">
        <test-method is-config="true" signature="setupApi()[pri:0, instance:com.banking.api.tests.DeleteBookingTest@702657cc]" started-at="2026-04-26T12:24:25 IST" name="setupApi" finished-at="2026-04-26T12:24:26 IST" duration-ms="746" status="PASS">
          <reporter-output>
          </reporter-output>
        </test-method> <!-- setupApi -->
        <test-method signature="verifyDeleteBooking()[pri:0, instance:com.banking.api.tests.DeleteBookingTest@702657cc]" started-at="2026-04-26T12:24:26 IST" name="verifyDeleteBooking" finished-at="2026-04-26T12:24:38 IST" duration-ms="11931" status="PASS">
          <reporter-output>
          </reporter-output>
        </test-method> <!-- verifyDeleteBooking -->
        <test-method signature="verifyDeleteWithoutAuth()[pri:0, instance:com.banking.api.tests.DeleteBookingTest@702657cc]" started-at="2026-04-26T12:24:38 IST" name="verifyDeleteWithoutAuth" finished-at="2026-04-26T12:24:39 IST" duration-ms="1787" status="PASS">
          <reporter-output>
          </reporter-output>
        </test-method> <!-- verifyDeleteWithoutAuth -->
      </class> <!-- com.banking.api.tests.DeleteBookingTest -->
    </test> <!-- Default test -->
  </suite> <!-- Default suite -->
</testng-results>
