<?xml version="1.0" encoding="UTF-8"?>
<!-- Generated by org.testng.reporters.JUnitXMLReporter -->
<testsuite ignored="1" hostname="LAPTOP-70AVBS8U" failures="19" tests="20" name="Authentication Tests" time="71.534" errors="0" timestamp="2026-04-18T18:17:02 IST">
  <testcase classname="com.banking.tests.LoginTest" name="verifyMultipleLogin" time="1.743"/>
  <testcase classname="com.banking.tests.LoginTest" name="verifyMultipleLogin" time="7.577">
    <failure type="java.lang.AssertionError" message="Login failed for user: admin expected [true] but found [false]">
      <![CDATA[java.lang.AssertionError: Login failed for user: admin expected [true] but found [false]
at com.banking.tests.LoginTest.verifyMultipleLogin(LoginTest.java:46)
at java.base/java.util.concurrent.CompletableFuture$AsyncSupply.run(CompletableFuture.java:1768)
at java.base/java.util.concurrent.ThreadPoolExecutor.runWorker(ThreadPoolExecutor.java:1144)
at java.base/java.util.concurrent.ThreadPoolExecutor$Worker.run(ThreadPoolExecutor.java:642)
at java.base/java.lang.Thread.run(Thread.java:1583)
... Removed 9 stack frames]]>
    </failure>
  </testcase> <!-- verifyMultipleLogin -->
  <testcase classname="com.banking.tests.LoginTest" name="verifyMultipleLogin" time="7.628">
    <failure type="java.lang.AssertionError" message="Login failed for user: alice expected [true] but found [false]">
      <![CDATA[java.lang.AssertionError: Login failed for user: alice expected [true] but found [false]
at com.banking.tests.LoginTest.verifyMultipleLogin(LoginTest.java:46)
at java.base/java.util.concurrent.CompletableFuture$AsyncSupply.run(CompletableFuture.java:1768)
at java.base/java.util.concurrent.ThreadPoolExecutor.runWorker(ThreadPoolExecutor.java:1144)
at java.base/java.util.concurrent.ThreadPoolExecutor$Worker.run(ThreadPoolExecutor.java:642)
at java.base/java.lang.Thread.run(Thread.java:1583)
... Removed 9 stack frames]]>
    </failure>
  </testcase> <!-- verifyMultipleLogin -->
  <testcase classname="com.banking.tests.LoginTest" name="verifyMultipleLogin" time="6.9">
    <failure type="java.lang.AssertionError" message="Login failed for user: rohit expected [true] but found [false]">
      <![CDATA[java.lang.AssertionError: Login failed for user: rohit expected [true] but found [false]
at com.banking.tests.LoginTest.verifyMultipleLogin(LoginTest.java:46)
at java.base/java.util.concurrent.CompletableFuture$AsyncSupply.run(CompletableFuture.java:1768)
at java.base/java.util.concurrent.ThreadPoolExecutor.runWorker(ThreadPoolExecutor.java:1144)
at java.base/java.util.concurrent.ThreadPoolExecutor$Worker.run(ThreadPoolExecutor.java:642)
at java.base/java.lang.Thread.run(Thread.java:1583)
... Removed 9 stack frames]]>
    </failure>
  </testcase> <!-- verifyMultipleLogin -->
  <testcase classname="com.banking.tests.LoginTest" name="verifyMultipleLogin" time="7.292">
    <failure type="java.lang.AssertionError" message="Login failed for user: tcs_ghost_001 expected [true] but found [false]">
      <![CDATA[java.lang.AssertionError: Login failed for user: tcs_ghost_001 expected [true] but found [false]
at com.banking.tests.LoginTest.verifyMultipleLogin(LoginTest.java:46)
at java.base/java.util.concurrent.CompletableFuture$AsyncSupply.run(CompletableFuture.java:1768)
at java.base/java.util.concurrent.ThreadPoolExecutor.runWorker(ThreadPoolExecutor.java:1144)
at java.base/java.util.concurrent.ThreadPoolExecutor$Worker.run(ThreadPoolExecutor.java:642)
at java.base/java.lang.Thread.run(Thread.java:1583)
... Removed 9 stack frames]]>
    </failure>
  </testcase> <!-- verifyMultipleLogin -->
  <testcase classname="com.banking.tests.LoginTest" name="verifyMultipleLogin" time="7.69">
    <failure type="java.lang.AssertionError" message="Login failed for user: invalid_user_99 expected [true] but found [false]">
      <![CDATA[java.lang.AssertionError: Login failed for user: invalid_user_99 expected [true] but found [false]
at com.banking.tests.LoginTest.verifyMultipleLogin(LoginTest.java:46)
at java.base/java.util.concurrent.CompletableFuture$AsyncSupply.run(CompletableFuture.java:1768)
at java.base/java.util.concurrent.ThreadPoolExecutor.runWorker(ThreadPoolExecutor.java:1144)
at java.base/java.util.concurrent.ThreadPoolExecutor$Worker.run(ThreadPoolExecutor.java:642)
at java.base/java.lang.Thread.run(Thread.java:1583)
... Removed 9 stack frames]]>
    </failure>
  </testcase> <!-- verifyMultipleLogin -->
  <testcase classname="com.banking.tests.LoginTest" name="verifyMultipleLogin" time="7.372">
    <failure type="java.lang.AssertionError" message="Login failed for user: JOHN expected [true] but found [false]">
      <![CDATA[java.lang.AssertionError: Login failed for user: JOHN expected [true] but found [false]
at com.banking.tests.LoginTest.verifyMultipleLogin(LoginTest.java:46)
at java.base/java.util.concurrent.CompletableFuture$AsyncSupply.run(CompletableFuture.java:1768)
at java.base/java.util.concurrent.ThreadPoolExecutor.runWorker(ThreadPoolExecutor.java:1144)
at java.base/java.util.concurrent.ThreadPoolExecutor$Worker.run(ThreadPoolExecutor.java:642)
at java.base/java.lang.Thread.run(Thread.java:1583)
... Removed 9 stack frames]]>
    </failure>
  </testcase> <!-- verifyMultipleLogin -->
  <testcase classname="com.banking.tests.LoginTest" name="verifyMultipleLogin" time="7.449">
    <failure type="java.lang.AssertionError" message="Login failed for user: john expected [true] but found [false]">
      <![CDATA[java.lang.AssertionError: Login failed for user: john expected [true] but found [false]
at com.banking.tests.LoginTest.verifyMultipleLogin(LoginTest.java:46)
at java.base/java.util.concurrent.CompletableFuture$AsyncSupply.run(CompletableFuture.java:1768)
at java.base/java.util.concurrent.ThreadPoolExecutor.runWorker(ThreadPoolExecutor.java:1144)
at java.base/java.util.concurrent.ThreadPoolExecutor$Worker.run(ThreadPoolExecutor.java:642)
at java.base/java.lang.Thread.run(Thread.java:1583)
... Removed 9 stack frames]]>
    </failure>
  </testcase> <!-- verifyMultipleLogin -->
  <testcase classname="com.banking.tests.LoginTest" name="verifyMultipleLogin" time="6.666">
    <failure type="java.lang.AssertionError" message="Login failed for user: !@#$%^&amp;amp;*() expected [true] but found [false]">
      <![CDATA[java.lang.AssertionError: Login failed for user: !@#$%^&*() expected [true] but found [false]
at com.banking.tests.LoginTest.verifyMultipleLogin(LoginTest.java:46)
at java.base/java.util.concurrent.CompletableFuture$AsyncSupply.run(CompletableFuture.java:1768)
at java.base/java.util.concurrent.ThreadPoolExecutor.runWorker(ThreadPoolExecutor.java:1144)
at java.base/java.util.concurrent.ThreadPoolExecutor$Worker.run(ThreadPoolExecutor.java:642)
at java.base/java.lang.Thread.run(Thread.java:1583)
... Removed 9 stack frames]]>
    </failure>
  </testcase> <!-- verifyMultipleLogin -->
  <testcase classname="com.banking.tests.LoginTest" name="verifyMultipleLogin" time="7.416">
    <failure type="java.lang.AssertionError" message="Login failed for user: user_name_with_spaces expected [true] but found [false]">
      <![CDATA[java.lang.AssertionError: Login failed for user: user_name_with_spaces expected [true] but found [false]
at com.banking.tests.LoginTest.verifyMultipleLogin(LoginTest.java:46)
at java.base/java.util.concurrent.CompletableFuture$AsyncSupply.run(CompletableFuture.java:1768)
at java.base/java.util.concurrent.ThreadPoolExecutor.runWorker(ThreadPoolExecutor.java:1144)
at java.base/java.util.concurrent.ThreadPoolExecutor$Worker.run(ThreadPoolExecutor.java:642)
at java.base/java.lang.Thread.run(Thread.java:1583)
... Removed 9 stack frames]]>
    </failure>
  </testcase> <!-- verifyMultipleLogin -->
  <testcase classname="com.banking.tests.LoginTest" name="verifyMultipleLogin" time="7.481">
    <failure type="java.lang.AssertionError" message="Login failed for user: very_long_username_test_exceeding_standard_limits_999 expected [true] but found [false]">
      <![CDATA[java.lang.AssertionError: Login failed for user: very_long_username_test_exceeding_standard_limits_999 expected [true] but found [false]
at com.banking.tests.LoginTest.verifyMultipleLogin(LoginTest.java:46)
at java.base/java.util.concurrent.CompletableFuture$AsyncSupply.run(CompletableFuture.java:1768)
at java.base/java.util.concurrent.ThreadPoolExecutor.runWorker(ThreadPoolExecutor.java:1144)
at java.base/java.util.concurrent.ThreadPoolExecutor$Worker.run(ThreadPoolExecutor.java:642)
at java.base/java.lang.Thread.run(Thread.java:1583)
... Removed 9 stack frames]]>
    </failure>
  </testcase> <!-- verifyMultipleLogin -->
  <testcase classname="com.banking.tests.LoginTest" name="verifyMultipleLogin" time="7.395">
    <failure type="java.lang.AssertionError" message="Login failed for user: short expected [true] but found [false]">
      <![CDATA[java.lang.AssertionError: Login failed for user: short expected [true] but found [false]
at com.banking.tests.LoginTest.verifyMultipleLogin(LoginTest.java:46)
at java.base/java.util.concurrent.CompletableFuture$AsyncSupply.run(CompletableFuture.java:1768)
at java.base/java.util.concurrent.ThreadPoolExecutor.runWorker(ThreadPoolExecutor.java:1144)
at java.base/java.util.concurrent.ThreadPoolExecutor$Worker.run(ThreadPoolExecutor.java:642)
at java.base/java.lang.Thread.run(Thread.java:1583)
... Removed 9 stack frames]]>
    </failure>
  </testcase> <!-- verifyMultipleLogin -->
  <testcase classname="com.banking.tests.LoginTest" name="verifyMultipleLogin" time="6.585">
    <failure type="java.lang.AssertionError" message="Login failed for user:  OR &amp;apos;1&amp;apos;=&amp;apos;1 expected [true] but found [false]">
      <![CDATA[java.lang.AssertionError: Login failed for user:  OR '1'='1 expected [true] but found [false]
at com.banking.tests.LoginTest.verifyMultipleLogin(LoginTest.java:46)
at java.base/java.util.concurrent.CompletableFuture$AsyncSupply.run(CompletableFuture.java:1768)
at java.base/java.util.concurrent.ThreadPoolExecutor.runWorker(ThreadPoolExecutor.java:1144)
at java.base/java.util.concurrent.ThreadPoolExecutor$Worker.run(ThreadPoolExecutor.java:642)
at java.base/java.lang.Thread.run(Thread.java:1583)
... Removed 9 stack frames]]>
    </failure>
  </testcase> <!-- verifyMultipleLogin -->
  <testcase classname="com.banking.tests.LoginTest" name="verifyMultipleLogin" time="0.006">
    <failure type="java.lang.NullPointerException" message="Cannot invoke &amp;quot;Object.toString()&amp;quot; because &amp;quot;parameters[0]&amp;quot; is null">
      <![CDATA[java.lang.NullPointerException: Cannot invoke "Object.toString()" because "parameters[0]" is null
at com.banking.utils.TestListener.onTestStart(TestListener.java:36)
at java.base/java.util.concurrent.CompletableFuture$AsyncSupply.run(CompletableFuture.java:1768)
at java.base/java.util.concurrent.ThreadPoolExecutor.runWorker(ThreadPoolExecutor.java:1144)
at java.base/java.util.concurrent.ThreadPoolExecutor$Worker.run(ThreadPoolExecutor.java:642)
at java.base/java.lang.Thread.run(Thread.java:1583)
... Removed 5 stack frames]]>
    </failure>
  </testcase> <!-- verifyMultipleLogin -->
  <testcase classname="com.banking.tests.LoginTest" name="verifyMultipleLogin" time="7.394">
    <failure type="java.lang.AssertionError" message="Login failed for user: admin&amp;apos; -- expected [true] but found [false]">
      <![CDATA[java.lang.AssertionError: Login failed for user: admin' -- expected [true] but found [false]
at com.banking.tests.LoginTest.verifyMultipleLogin(LoginTest.java:46)
at java.base/java.util.concurrent.CompletableFuture$AsyncSupply.run(CompletableFuture.java:1768)
at java.base/java.util.concurrent.ThreadPoolExecutor.runWorker(ThreadPoolExecutor.java:1144)
at java.base/java.util.concurrent.ThreadPoolExecutor$Worker.run(ThreadPoolExecutor.java:642)
at java.base/java.lang.Thread.run(Thread.java:1583)
... Removed 9 stack frames]]>
    </failure>
  </testcase> <!-- verifyMultipleLogin -->
  <testcase classname="com.banking.tests.LoginTest" name="verifyMultipleLogin" time="6.85">
    <failure type="java.lang.AssertionError" message="Login failed for user: &amp;lt;script&amp;gt;alert(&amp;apos;xss&amp;apos;)&amp;lt;/script&amp;gt; expected [true] but found [false]">
      <![CDATA[java.lang.AssertionError: Login failed for user: <script>alert('xss')</script> expected [true] but found [false]
at com.banking.tests.LoginTest.verifyMultipleLogin(LoginTest.java:46)
at java.base/java.util.concurrent.CompletableFuture$AsyncSupply.run(CompletableFuture.java:1768)
at java.base/java.util.concurrent.ThreadPoolExecutor.runWorker(ThreadPoolExecutor.java:1144)
at java.base/java.util.concurrent.ThreadPoolExecutor$Worker.run(ThreadPoolExecutor.java:642)
at java.base/java.lang.Thread.run(Thread.java:1583)
... Removed 9 stack frames]]>
    </failure>
  </testcase> <!-- verifyMultipleLogin -->
  <testcase classname="com.banking.tests.LoginTest" name="verifyMultipleLogin" time="0.001">
    <failure type="java.lang.NullPointerException" message="Cannot invoke &amp;quot;Object.toString()&amp;quot; because &amp;quot;parameters[0]&amp;quot; is null">
      <![CDATA[java.lang.NullPointerException: Cannot invoke "Object.toString()" because "parameters[0]" is null
at com.banking.utils.TestListener.onTestStart(TestListener.java:36)
at java.base/java.util.concurrent.CompletableFuture$AsyncSupply.run(CompletableFuture.java:1768)
at java.base/java.util.concurrent.ThreadPoolExecutor.runWorker(ThreadPoolExecutor.java:1144)
at java.base/java.util.concurrent.ThreadPoolExecutor$Worker.run(ThreadPoolExecutor.java:642)
at java.base/java.lang.Thread.run(Thread.java:1583)
... Removed 5 stack frames]]>
    </failure>
  </testcase> <!-- verifyMultipleLogin -->
  <testcase classname="com.banking.tests.LoginTest" name="verifyMultipleLogin" time="0.003">
    <failure type="java.lang.NullPointerException" message="Cannot invoke &amp;quot;Object.toString()&amp;quot; because &amp;quot;parameters[0]&amp;quot; is null">
      <![CDATA[java.lang.NullPointerException: Cannot invoke "Object.toString()" because "parameters[0]" is null
at com.banking.utils.TestListener.onTestStart(TestListener.java:36)
at java.base/java.util.concurrent.CompletableFuture$AsyncSupply.run(CompletableFuture.java:1768)
at java.base/java.util.concurrent.ThreadPoolExecutor.runWorker(ThreadPoolExecutor.java:1144)
at java.base/java.util.concurrent.ThreadPoolExecutor$Worker.run(ThreadPoolExecutor.java:642)
at java.base/java.lang.Thread.run(Thread.java:1583)
... Removed 5 stack frames]]>
    </failure>
  </testcase> <!-- verifyMultipleLogin -->
  <testcase classname="com.banking.tests.LoginTest" name="verifyMultipleLogin" time="0.0">
    <failure type="java.lang.NullPointerException" message="Cannot invoke &amp;quot;Object.toString()&amp;quot; because &amp;quot;parameters[0]&amp;quot; is null">
      <![CDATA[java.lang.NullPointerException: Cannot invoke "Object.toString()" because "parameters[0]" is null
at com.banking.utils.TestListener.onTestStart(TestListener.java:36)
at java.base/java.util.concurrent.CompletableFuture$AsyncSupply.run(CompletableFuture.java:1768)
at java.base/java.util.concurrent.ThreadPoolExecutor.runWorker(ThreadPoolExecutor.java:1144)
at java.base/java.util.concurrent.ThreadPoolExecutor$Worker.run(ThreadPoolExecutor.java:642)
at java.base/java.lang.Thread.run(Thread.java:1583)
... Removed 5 stack frames]]>
    </failure>
  </testcase> <!-- verifyMultipleLogin -->
  <testcase classname="com.banking.tests.LoginTest" name="verifyMultipleLogin" time="0.002">
    <failure type="java.lang.NullPointerException" message="Cannot invoke &amp;quot;Object.toString()&amp;quot; because &amp;quot;parameters[0]&amp;quot; is null">
      <![CDATA[java.lang.NullPointerException: Cannot invoke "Object.toString()" because "parameters[0]" is null
at com.banking.utils.TestListener.onTestStart(TestListener.java:36)
at java.base/java.util.concurrent.CompletableFuture$AsyncSupply.run(CompletableFuture.java:1768)
at java.base/java.util.concurrent.ThreadPoolExecutor.runWorker(ThreadPoolExecutor.java:1144)
at java.base/java.util.concurrent.ThreadPoolExecutor$Worker.run(ThreadPoolExecutor.java:642)
at java.base/java.lang.Thread.run(Thread.java:1583)
... Removed 5 stack frames]]>
    </failure>
  </testcase> <!-- verifyMultipleLogin -->
  <testcase classname="com.banking.tests.LoginTest" name="verifyBrowserLaunch" time="0.0">
    <ignored/>
  </testcase> <!-- verifyBrowserLaunch -->
</testsuite> <!-- Authentication Tests -->
