<?xml version="1.0" encoding="UTF-8"?>
<!-- Generated by org.testng.reporters.JUnitXMLReporter -->
<testsuite ignored="1" hostname="LAPTOP-70AVBS8U" failures="0" tests="20" name="Authentication Tests" time="90.602" errors="0" timestamp="2026-04-19T14:28:01 IST">
  <testcase classname="com.banking.tests.LoginTest" name="verifyMultipleLogin" time="2.504"/>
  <testcase classname="com.banking.tests.LoginTest" name="verifyMultipleLogin" time="7.649"/>
  <testcase classname="com.banking.tests.LoginTest" name="verifyMultipleLogin" time="7.662"/>
  <testcase classname="com.banking.tests.LoginTest" name="verifyMultipleLogin" time="6.926"/>
  <testcase classname="com.banking.tests.LoginTest" name="verifyMultipleLogin" time="7.287"/>
  <testcase classname="com.banking.tests.LoginTest" name="verifyMultipleLogin" time="7.055"/>
  <testcase classname="com.banking.tests.LoginTest" name="verifyMultipleLogin" time="6.985"/>
  <testcase classname="com.banking.tests.LoginTest" name="verifyMultipleLogin" time="7.158"/>
  <testcase classname="com.banking.tests.LoginTest" name="verifyMultipleLogin" time="7.232"/>
  <testcase classname="com.banking.tests.LoginTest" name="verifyMultipleLogin" time="6.722"/>
  <testcase classname="com.banking.tests.LoginTest" name="verifyMultipleLogin" time="6.788"/>
  <testcase classname="com.banking.tests.LoginTest" name="verifyMultipleLogin" time="7.227"/>
  <testcase classname="com.banking.tests.LoginTest" name="verifyMultipleLogin" time="8.0"/>
  <testcase classname="com.banking.tests.LoginTest" name="verifyMultipleLogin" time="7.86"/>
  <testcase classname="com.banking.tests.LoginTest" name="verifyMultipleLogin" time="8.196"/>
  <testcase classname="com.banking.tests.LoginTest" name="verifyMultipleLogin" time="7.447"/>
  <testcase classname="com.banking.tests.LoginTest" name="verifyMultipleLogin" time="0.001"/>
  <testcase classname="com.banking.tests.LoginTest" name="verifyMultipleLogin" time="7.823"/>
  <testcase classname="com.banking.tests.LoginTest" name="verifyMultipleLogin" time="7.58"/>
  <testcase classname="com.banking.tests.LoginTest" name="verifyMultipleLogin" time="7.564"/>
  <testcase classname="com.banking.tests.LoginTest" name="verifyBrowserLaunch" time="0.0">
    <ignored/>
  </testcase> <!-- verifyBrowserLaunch -->
</testsuite> <!-- Authentication Tests -->
