<?xml version="1.0" encoding="UTF-8"?>
<!-- Generated by org.testng.reporters.JUnitReportReporter -->
<testsuite hostname="LAPTOP-70AVBS8U" failures="0" tests="2" name="com.banking.api.tests.PutBookingTest" time="12.486" errors="0" timestamp="2026-04-26T12:14:41 IST" skipped="0">
  <testcase classname="com.banking.api.tests.PutBookingTest" name="verifyUpdateBooking" time="10.134"/>
  <testcase classname="com.banking.api.tests.PutBookingTest" name="verifyUpdateBookingWithoutAuth" time="2.352"/>
</testsuite> <!-- com.banking.api.tests.PutBookingTest -->
