<?xml version="1.0" encoding="UTF-8"?>
<!-- Generated by org.testng.reporters.JUnitReportReporter -->
<testsuite hostname="LAPTOP-70AVBS8U" failures="0" tests="3" name="com.banking.api.tests.PostBookingTest" time="9.397" errors="0" timestamp="2026-04-26T11:39:13 IST" skipped="0">
  <testcase classname="com.banking.api.tests.PostBookingTest" name="verifyCreateBooking" time="5.524"/>
  <testcase classname="com.banking.api.tests.PostBookingTest" name="verifyCreateBookingWithMissingFields" time="1.816"/>
  <testcase classname="com.banking.api.tests.PostBookingTest" name="verifyCreatedBookingExists" time="2.057"/>
</testsuite> <!-- com.banking.api.tests.PostBookingTest -->
