<?xml version="1.0" encoding="UTF-8"?>
<!-- Generated by org.testng.reporters.JUnitReportReporter -->
<testsuite hostname="LAPTOP-70AVBS8U" failures="0" tests="21" name="com.banking.tests.LoginTest" time="265.455" errors="0" timestamp="2026-04-19T14:28:02 IST" skipped="1">
  <testcase classname="com.banking.tests.LoginTest" name="verifyMultipleLogin" time="11.412"/>
  <testcase classname="com.banking.tests.LoginTest" name="verifyMultipleLogin" time="11.182"/>
  <testcase classname="com.banking.tests.LoginTest" name="verifyMultipleLogin" time="12.037"/>
  <testcase classname="com.banking.tests.LoginTest" name="verifyMultipleLogin" time="11.811"/>
  <testcase classname="com.banking.tests.LoginTest" name="verifyMultipleLogin" time="16.320"/>
  <testcase classname="com.banking.tests.LoginTest" name="verifyMultipleLogin" time="18.801"/>
  <testcase classname="com.banking.tests.LoginTest" name="verifyMultipleLogin" time="4.599"/>
  <testcase classname="com.banking.tests.LoginTest" name="verifyMultipleLogin" time="20.338"/>
  <testcase classname="com.banking.tests.LoginTest" name="verifyMultipleLogin" time="17.823"/>
  <testcase classname="com.banking.tests.LoginTest" name="verifyMultipleLogin" time="10.984"/>
  <testcase classname="com.banking.tests.LoginTest" name="verifyMultipleLogin" time="17.669"/>
  <testcase classname="com.banking.tests.LoginTest" name="verifyMultipleLogin" time="12.145"/>
  <testcase classname="com.banking.tests.LoginTest" name="verifyMultipleLogin" time="7.053"/>
  <testcase classname="com.banking.tests.LoginTest" name="verifyMultipleLogin" time="11.982"/>
  <testcase classname="com.banking.tests.LoginTest" name="verifyMultipleLogin" time="12.374"/>
  <testcase classname="com.banking.tests.LoginTest" name="verifyMultipleLogin" time="11.121"/>
  <testcase classname="com.banking.tests.LoginTest" name="verifyMultipleLogin" time="21.243"/>
  <testcase classname="com.banking.tests.LoginTest" name="verifyMultipleLogin" time="11.793"/>
  <testcase classname="com.banking.tests.LoginTest" name="verifyMultipleLogin" time="11.792"/>
  <testcase classname="com.banking.tests.LoginTest" name="verifyMultipleLogin" time="12.976"/>
  <testcase classname="com.banking.tests.LoginTest" name="verifyBrowserLaunch">
    <skipped/>
  </testcase> <!-- verifyBrowserLaunch -->
</testsuite> <!-- com.banking.tests.LoginTest -->
