<?xml version="1.0" encoding="UTF-8"?>
<!-- Generated by org.testng.reporters.JUnitReportReporter -->
<testsuite hostname="LAPTOP-70AVBS8U" failures="0" tests="4" name="com.banking.api.tests.DataDrivenBookingTest" time="13.214" errors="0" timestamp="2026-04-26T22:25:54 IST" skipped="0">
  <testcase classname="com.banking.api.tests.DataDrivenBookingTest" name="verifyCreateBookingDataDriven" time="2.352"/>
  <testcase classname="com.banking.api.tests.DataDrivenBookingTest" name="verifyCreateBookingDataDriven" time="8.326"/>
  <testcase classname="com.banking.api.tests.DataDrivenBookingTest" name="verifyCreateBookingDataDriven" time="2.534"/>
  <testcase classname="com.banking.api.tests.DataDrivenBookingTest" name="verifyCreateBookingDataDriven" time="0.002"/>
</testsuite> <!-- com.banking.api.tests.DataDrivenBookingTest -->
