<?xml version="1.0" encoding="UTF-8"?>
<!-- Generated by org.testng.reporters.JUnitReportReporter -->
<testsuite hostname="LAPTOP-70AVBS8U" failures="0" tests="2" name="com.banking.api.tests.DeleteBookingTest" time="13.718" errors="0" timestamp="2026-04-26T12:24:40 IST" skipped="0">
  <testcase classname="com.banking.api.tests.DeleteBookingTest" name="verifyDeleteBooking" time="11.931"/>
  <testcase classname="com.banking.api.tests.DeleteBookingTest" name="verifyDeleteWithoutAuth" time="1.787"/>
</testsuite> <!-- com.banking.api.tests.DeleteBookingTest -->
